NOTE: Resolving any missing task queue dependencies

Build Configuration:
BB_VERSION           = "2.7.3"
BUILD_SYS            = "x86_64-linux"
NATIVELSBSTRING      = "universal"
TARGET_SYS           = "x86_64-poky-linux"
MACHINE              = "qemux86-64"
DISTRO               = "poky"
DISTRO_VERSION       = "4.3+snapshot-<unknown>"
TUNE_FEATURES        = "m64 core2"
TARGET_FPU           = ""
meta                 
meta-poky            
meta-yocto-bsp       = "<unknown>:<unknown>"

Sstate summary: Wanted 283 Local 0 Mirrors 0 Missed 283 Current 1520 (0% match, 84% complete)
NOTE: Executing Tasks
NOTE: Setscene tasks completed
NOTE: Running task 107 of 3945 (virtual:native:/kitchen/meta/recipes-devtools/bison/bison_3.8.2.bb:do_recipe_qa)
NOTE: Running task 130 of 3945 (/kitchen/meta/recipes-devtools/binutils/binutils-cross_2.42.bb:do_recipe_qa)
NOTE: Running task 171 of 3945 (virtual:native:/kitchen/meta/recipes-support/popt/popt_1.19.bb:do_recipe_qa)
NOTE: recipe binutils-cross-x86_64-2.42-r0: task do_recipe_qa: Started
NOTE: recipe bison-native-3.8.2-r0: task do_recipe_qa: Started
NOTE: recipe popt-native-1.19-r0: task do_recipe_qa: Started
NOTE: Running task 548 of 3945 (virtual:native:/kitchen/meta/recipes-devtools/rpm/rpm_4.19.1.bb:do_recipe_qa)
NOTE: recipe binutils-cross-x86_64-2.42-r0: task do_recipe_qa: Succeeded
NOTE: Running task 549 of 3945 (/kitchen/meta/recipes-devtools/binutils/binutils-cross_2.42.bb:do_fetch)
NOTE: recipe bison-native-3.8.2-r0: task do_recipe_qa: Succeeded
NOTE: Running task 550 of 3945 (virtual:native:/kitchen/meta/recipes-devtools/bison/bison_3.8.2.bb:do_fetch)
NOTE: recipe popt-native-1.19-r0: task do_recipe_qa: Succeeded
NOTE: Running task 551 of 3945 (virtual:native:/kitchen/meta/recipes-support/popt/popt_1.19.bb:do_fetch)
NOTE: recipe binutils-cross-x86_64-2.42-r0: task do_fetch: Started
NOTE: recipe rpm-native-1_4.19.1-r0: task do_recipe_qa: Started
NOTE: recipe bison-native-3.8.2-r0: task do_fetch: Started
NOTE: recipe popt-native-1.19-r0: task do_fetch: Started
NOTE: recipe bison-native-3.8.2-r0: task do_fetch: Succeeded
NOTE: Running task 552 of 3945 (virtual:native:/kitchen/meta/recipes-devtools/bison/bison_3.8.2.bb:do_unpack)
NOTE: recipe popt-native-1.19-r0: task do_fetch: Succeeded
NOTE: Running task 553 of 3945 (virtual:native:/kitchen/meta/recipes-devtools/bison/bison_3.8.2.bb:do_prepare_recipe_sysroot)
NOTE: recipe rpm-native-1_4.19.1-r0: task do_recipe_qa: Succeeded
NOTE: Running task 554 of 3945 (virtual:native:/kitchen/meta/recipes-support/popt/popt_1.19.bb:do_unpack)
NOTE: recipe bison-native-3.8.2-r0: task do_prepare_recipe_sysroot: Started
ERROR: bison-native-3.8.2-r0 do_prepare_recipe_sysroot: Error executing a python function in exec_func_python() autogenerated:

The stack trace of python calls that resulted in this exception/failure was:
File: 'exec_func_python() autogenerated', lineno: 2, function: <module>
     0001:
 *** 0002:extend_recipe_sysroot(d)
     0003:
File: '/kitchen/meta/classes-global/staging.bbclass', lineno: 619, function: extend_recipe_sysroot
     0615:                    if "/bin/" in l or "/sbin/" in l:
     0616:                        # defer /*bin/* files until last in case they need libs
     0617:                        binfiles[l] = (targetdir, dest)
     0618:                    else:
 *** 0619:                        staging_copyfile(l, targetdir, dest, postinsts, seendirs)
     0620:
     0621:    # Handle deferred binfiles
     0622:    for l in binfiles:
     0623:        (targetdir, dest) = binfiles[l]
File: '/kitchen/meta/classes-global/staging.bbclass', lineno: 165, function: staging_copyfile
     0161:        os.symlink(linkto, dest)
     0162:        #bb.warn(c)
     0163:    else:
     0164:        try:
 *** 0165:            os.link(c, dest)
     0166:        except OSError as err:
     0167:            if err.errno == errno.EXDEV:
     0168:                bb.utils.copyfile(c, dest)
     0169:            else:
Exception: FileNotFoundError: [Errno 2] No such file or directory: '/kitchen/build/tmp/sysroots-components/x86_64/gettext-minimal-native/sysroot-providers/gettext-minimal-native' -> '/kitchen/build/tmp/work/x86_64-linux/bison-native/3.8.2/recipe-sysroot-native/sysroot-providers/gettext-minimal-native'

ERROR: Logfile of failure stored in: /kitchen/build/tmp/work/x86_64-linux/bison-native/3.8.2/temp/log.do_prepare_recipe_sysroot.212
NOTE: recipe bison-native-3.8.2-r0: task do_prepare_recipe_sysroot: Failed
ERROR: Task (virtual:native:/kitchen/meta/recipes-devtools/bison/bison_3.8.2.bb:do_prepare_recipe_sysroot) failed with exit code '1'
NOTE: Running task 555 of 3945 (virtual:native:/kitchen/meta/recipes-support/popt/popt_1.19.bb:do_prepare_recipe_sysroot)
NOTE: recipe bison-native-3.8.2-r0: task do_unpack: Started
ERROR: bison-native-3.8.2-r0 do_unpack: Error executing a python function in exec_func_python() autogenerated:

The stack trace of python calls that resulted in this exception/failure was:
File: 'exec_func_python() autogenerated', lineno: 2, function: <module>
     0001:
 *** 0002:extend_recipe_sysroot(d)
     0003:
File: '/kitchen/meta/classes-global/staging.bbclass', lineno: 619, function: extend_recipe_sysroot
     0615:                    if "/bin/" in l or "/sbin/" in l:
     0616:                        # defer /*bin/* files until last in case they need libs
     0617:                        binfiles[l] = (targetdir, dest)
     0618:                    else:
 *** 0619:                        staging_copyfile(l, targetdir, dest, postinsts, seendirs)
     0620:
     0621:    # Handle deferred binfiles
     0622:    for l in binfiles:
     0623:        (targetdir, dest) = binfiles[l]
File: '/kitchen/meta/classes-global/staging.bbclass', lineno: 165, function: staging_copyfile
     0161:        os.symlink(linkto, dest)
     0162:        #bb.warn(c)
     0163:    else:
     0164:        try:
 *** 0165:            os.link(c, dest)
     0166:        except OSError as err:
     0167:            if err.errno == errno.EXDEV:
     0168:                bb.utils.copyfile(c, dest)
     0169:            else:
Exception: FileNotFoundError: [Errno 2] No such file or directory: '/kitchen/build/tmp/sysroots-components/x86_64/gettext-minimal-native/sysroot-providers/gettext-minimal-native' -> '/kitchen/build/tmp/work/x86_64-linux/bison-native/3.8.2/recipe-sysroot-native/sysroot-providers/gettext-minimal-native'

ERROR: Logfile of failure stored in: /kitchen/build/tmp/work/x86_64-linux/bison-native/3.8.2/temp/log.do_unpack.205
NOTE: recipe bison-native-3.8.2-r0: task do_unpack: Failed
ERROR: Task (virtual:native:/kitchen/meta/recipes-devtools/bison/bison_3.8.2.bb:do_unpack) failed with exit code '1'
NOTE: recipe popt-native-1.19-r0: task do_unpack: Started
NOTE: recipe popt-native-1.19-r0: task do_unpack: Succeeded
NOTE: recipe popt-native-1.19-r0: task do_prepare_recipe_sysroot: Started
ERROR: popt-native-1.19-r0 do_prepare_recipe_sysroot: Error executing a python function in exec_func_python() autogenerated:

The stack trace of python calls that resulted in this exception/failure was:
File: 'exec_func_python() autogenerated', lineno: 2, function: <module>
     0001:
 *** 0002:extend_recipe_sysroot(d)
     0003:
File: '/kitchen/meta/classes-global/staging.bbclass', lineno: 619, function: extend_recipe_sysroot
     0615:                    if "/bin/" in l or "/sbin/" in l:
     0616:                        # defer /*bin/* files until last in case they need libs
     0617:                        binfiles[l] = (targetdir, dest)
     0618:                    else:
 *** 0619:                        staging_copyfile(l, targetdir, dest, postinsts, seendirs)
     0620:
     0621:    # Handle deferred binfiles
     0622:    for l in binfiles:
     0623:        (targetdir, dest) = binfiles[l]
File: '/kitchen/meta/classes-global/staging.bbclass', lineno: 165, function: staging_copyfile
     0161:        os.symlink(linkto, dest)
     0162:        #bb.warn(c)
     0163:    else:
     0164:        try:
 *** 0165:            os.link(c, dest)
     0166:        except OSError as err:
     0167:            if err.errno == errno.EXDEV:
     0168:                bb.utils.copyfile(c, dest)
     0169:            else:
Exception: FileNotFoundError: [Errno 2] No such file or directory: '/kitchen/build/tmp/sysroots-components/x86_64/gettext-minimal-native/sysroot-providers/gettext-minimal-native' -> '/kitchen/build/tmp/work/x86_64-linux/popt-native/1.19/recipe-sysroot-native/sysroot-providers/gettext-minimal-native'

ERROR: Logfile of failure stored in: /kitchen/build/tmp/work/x86_64-linux/popt-native/1.19/temp/log.do_prepare_recipe_sysroot.217
NOTE: recipe popt-native-1.19-r0: task do_prepare_recipe_sysroot: Failed
ERROR: Task (virtual:native:/kitchen/meta/recipes-support/popt/popt_1.19.bb:do_prepare_recipe_sysroot) failed with exit code '1'
WARNING: binutils-cross-x86_64-2.42-r0 do_fetch: Failed to fetch URL git://sourceware.org/git/binutils-gdb.git;branch=binutils-2_42-branch;protocol=https, attempting MIRRORS if available
WARNING: Exiting due to interrupt.
NOTE: Sending SIGTERM to remaining 1 tasks
