36 07:49:22.095161 --- Starting bitbake server pid 36 at 2025-02-02 07:49:22.095114 ---
36 07:49:22.096307 Started bitbake server pid 36
36 07:49:22.096570 Entering server connection loop
36 07:49:22.096610 Lockfile is: /kitchen/meta-mysadl/bitbake.lock
Socket is /kitchen/meta-mysadl/bitbake.sock (True)
36 07:49:22.097121 Accepting [<socket.socket fd=6, family=AddressFamily.AF_UNIX, type=SocketKind.SOCK_STREAM, proto=0, laddr=bitbake.sock>] ([])
36 07:49:22.098042 Processing Client
36 07:49:22.098105 Connecting Client
36 07:49:22.098540 Running command ['setFeatures', [2, 1]]
36 07:49:22.098604 Sending reply (None, None)
36 07:49:22.098693 Command Completed (socket: True)
36 07:49:22.099299 Running command ['updateConfig', {'halt': True, 'force': False, 'invalidate_stamp': None, 'dry_run': False, 'dump_signatures': [], 'extra_assume_provided': [], 'profile': False, 'prefile': [], 'postfile': [], 'server_timeout': None, 'nosetscene': False, 'setsceneonly': False, 'skipsetscene': False, 'runall': [], 'runonly': None, 'writeeventlog': None, 'build_verbose_shell': False, 'build_verbose_stdout': False, 'default_loglevel': 20, 'debug_domains': {}}, {'BB_ENV_PASSTHROUGH_ADDITIONS': 'ALL_PROXY BBPATH_EXTRA BB_LOGCONFIG BB_NO_NETWORK BB_NUMBER_THREADS BB_SETSCENE_ENFORCE BB_SRCREV_POLICY DISTRO FTPS_PROXY FTP_PROXY GIT_PROXY_COMMAND HTTPS_PROXY HTTP_PROXY MACHINE NO_PROXY PARALLEL_MAKE SCREENDIR SDKMACHINE SOCKS5_PASSWD SOCKS5_USER SSH_AGENT_PID SSH_AUTH_SOCK STAMPS_DIR TCLIBC TCMODE all_proxy ftp_proxy ftps_proxy http_proxy https_proxy no_proxy ', 'PWD': '/kitchen/meta-mysadl', 'HOME': '/home/leo', 'https_proxy': '', 'BBPATH': '/kitchen/meta-mysadl', 'LC_ALL': 'en_US.UTF-8', 'PATH': '/kitchen/scripts:/kitchen/bitbake/bin:/usr/local/sbin:/usr/local/bin:/usr/sbin:/usr/bin:/sbin:/bin', 'OE_ADDED_PATHS': '/kitchen/scripts:/kitchen/bitbake/bin:', 'HOSTNAME': 'af145eaf7eb4', 'LANGUAGE': 'en_US:en', 'TZ': 'Asia/Taipei', 'LANG': 'en_US.UTF-8', 'ACCOUNT': 'leo', 'PYTHONPATH': '/kitchen/bitbake/lib:', 'TERM': 'xterm', 'SHLVL': '1', 'BUILDDIR': '/kitchen/meta-mysadl', 'GUID': '1000', 'UID': '1000', 'OLDPWD': '/kitchen', '_': '/kitchen/bitbake/bin/bitbake'}, ['/kitchen/bitbake/bin/bitbake', 'core-image-minimal']]
36 07:49:22.106184 Sending reply (None, 'bb.BBHandledException()\nTraceback (most recent call last):\n  File "/kitchen/bitbake/lib/bb/command.py", line 90, in runCommand\n    result = command_method(self, commandline)\n  File "/kitchen/bitbake/lib/bb/command.py", line 290, in updateConfig\n    command.cooker.updateConfigOpts(options, environment, cmdline)\n  File "/kitchen/bitbake/lib/bb/cooker.py", line 462, in updateConfigOpts\n    self.reset()\n  File "/kitchen/bitbake/lib/bb/cooker.py", line 1736, in reset\n    self.initConfigurationData()\n  File "/kitchen/bitbake/lib/bb/cooker.py", line 282, in initConfigurationData\n    self.databuilder.parseBaseConfiguration()\n  File "/kitchen/bitbake/lib/bb/cookerdata.py", line 261, in parseBaseConfiguration\n    self.data = self.parseConfigurationFiles(self.prefiles, self.postfiles)\n  File "/kitchen/bitbake/lib/bb/cookerdata.py", line 383, in parseConfigurationFiles\n    raise bb.BBHandledException()\nbb.BBHandledException\n')
36 07:49:22.106296 Command Completed (socket: True)
36 07:49:22.354925 Processing Client
36 07:49:22.355072 Disconnecting Client (socket: True)
36 07:49:22.355267 No timeout, exiting.
36 07:49:22.455635 Exiting (socket: True)
36 07:49:22.456561 Exiting as we could obtain the lock
sys:1: ResourceWarning: unclosed file <_io.TextIOWrapper name='/kitchen/meta-mysadl/bitbake-cookerdaemon.log' mode='a+' encoding='UTF-8'>
44 07:51:16.499476 --- Starting bitbake server pid 44 at 2025-02-02 07:51:16.499438 ---
44 07:51:16.500625 Started bitbake server pid 44
44 07:51:16.500900 Entering server connection loop
44 07:51:16.500940 Lockfile is: /kitchen/meta-mysadl/bitbake.lock
Socket is /kitchen/meta-mysadl/bitbake.sock (True)
44 07:51:16.501374 Accepting [<socket.socket fd=6, family=AddressFamily.AF_UNIX, type=SocketKind.SOCK_STREAM, proto=0, laddr=bitbake.sock>] ([])
44 07:51:16.502253 Processing Client
44 07:51:16.502324 Connecting Client
44 07:51:16.502813 Running command ['setFeatures', [2, 1]]
44 07:51:16.502880 Sending reply (None, None)
44 07:51:16.502979 Command Completed (socket: True)
44 07:51:16.503555 Running command ['updateConfig', {'halt': True, 'force': False, 'invalidate_stamp': None, 'dry_run': False, 'dump_signatures': [], 'extra_assume_provided': [], 'profile': False, 'prefile': [], 'postfile': [], 'server_timeout': None, 'nosetscene': False, 'setsceneonly': False, 'skipsetscene': False, 'runall': [], 'runonly': None, 'writeeventlog': None, 'build_verbose_shell': False, 'build_verbose_stdout': False, 'default_loglevel': 20, 'debug_domains': {}}, {'BB_ENV_PASSTHROUGH_ADDITIONS': 'ALL_PROXY BBPATH_EXTRA BB_LOGCONFIG BB_NO_NETWORK BB_NUMBER_THREADS BB_SETSCENE_ENFORCE BB_SRCREV_POLICY DISTRO FTPS_PROXY FTP_PROXY GIT_PROXY_COMMAND HTTPS_PROXY HTTP_PROXY MACHINE NO_PROXY PARALLEL_MAKE SCREENDIR SDKMACHINE SOCKS5_PASSWD SOCKS5_USER SSH_AGENT_PID SSH_AUTH_SOCK STAMPS_DIR TCLIBC TCMODE all_proxy ftp_proxy ftps_proxy http_proxy https_proxy no_proxy ', 'PWD': '/kitchen/meta-mysadl', 'HOME': '/home/leo', 'https_proxy': '', 'BBPATH': '/kitchen/meta-mysadl', 'LC_ALL': 'en_US.UTF-8', 'PATH': '/kitchen/scripts:/kitchen/bitbake/bin:/usr/local/sbin:/usr/local/bin:/usr/sbin:/usr/bin:/sbin:/bin', 'OE_ADDED_PATHS': '/kitchen/scripts:/kitchen/bitbake/bin:', 'HOSTNAME': 'af145eaf7eb4', 'LANGUAGE': 'en_US:en', 'TZ': 'Asia/Taipei', 'LANG': 'en_US.UTF-8', 'ACCOUNT': 'leo', 'PYTHONPATH': '/kitchen/bitbake/lib:', 'TERM': 'xterm', 'SHLVL': '1', 'BUILDDIR': '/kitchen/meta-mysadl', 'GUID': '1000', 'UID': '1000', 'OLDPWD': '/kitchen', '_': '/kitchen/bitbake/bin/bitbake'}, ['/kitchen/bitbake/bin/bitbake', 'core-image-minimal']]
44 07:51:16.510150 Sending reply (None, 'bb.BBHandledException()\nTraceback (most recent call last):\n  File "/kitchen/bitbake/lib/bb/command.py", line 90, in runCommand\n    result = command_method(self, commandline)\n  File "/kitchen/bitbake/lib/bb/command.py", line 290, in updateConfig\n    command.cooker.updateConfigOpts(options, environment, cmdline)\n  File "/kitchen/bitbake/lib/bb/cooker.py", line 462, in updateConfigOpts\n    self.reset()\n  File "/kitchen/bitbake/lib/bb/cooker.py", line 1736, in reset\n    self.initConfigurationData()\n  File "/kitchen/bitbake/lib/bb/cooker.py", line 282, in initConfigurationData\n    self.databuilder.parseBaseConfiguration()\n  File "/kitchen/bitbake/lib/bb/cookerdata.py", line 261, in parseBaseConfiguration\n    self.data = self.parseConfigurationFiles(self.prefiles, self.postfiles)\n  File "/kitchen/bitbake/lib/bb/cookerdata.py", line 383, in parseConfigurationFiles\n    raise bb.BBHandledException()\nbb.BBHandledException\n')
44 07:51:16.510249 Command Completed (socket: True)
44 07:51:16.760068 Processing Client
44 07:51:16.760298 Disconnecting Client (socket: True)
44 07:51:16.760554 No timeout, exiting.
44 07:51:16.861121 Exiting (socket: True)
44 07:51:16.863740 Exiting as we could obtain the lock
sys:1: ResourceWarning: unclosed file <_io.TextIOWrapper name='/kitchen/meta-mysadl/bitbake-cookerdaemon.log' mode='a+' encoding='UTF-8'>
50 07:55:46.940987 --- Starting bitbake server pid 50 at 2025-02-02 07:55:46.940938 ---
50 07:55:46.942162 Started bitbake server pid 50
50 07:55:46.942420 Entering server connection loop
50 07:55:46.942462 Lockfile is: /kitchen/meta-mysadl/bitbake.lock
Socket is /kitchen/meta-mysadl/bitbake.sock (True)
50 07:55:46.942957 Accepting [<socket.socket fd=6, family=AddressFamily.AF_UNIX, type=SocketKind.SOCK_STREAM, proto=0, laddr=bitbake.sock>] ([])
50 07:55:46.943996 Processing Client
50 07:55:46.944070 Connecting Client
50 07:55:46.944563 Running command ['setFeatures', [2, 1]]
50 07:55:46.944631 Sending reply (None, None)
50 07:55:46.944729 Command Completed (socket: True)
50 07:55:46.945345 Running command ['updateConfig', {'halt': True, 'force': False, 'invalidate_stamp': None, 'dry_run': False, 'dump_signatures': [], 'extra_assume_provided': [], 'profile': False, 'prefile': [], 'postfile': [], 'server_timeout': None, 'nosetscene': False, 'setsceneonly': False, 'skipsetscene': False, 'runall': [], 'runonly': None, 'writeeventlog': None, 'build_verbose_shell': False, 'build_verbose_stdout': False, 'default_loglevel': 20, 'debug_domains': {}}, {'BB_ENV_PASSTHROUGH_ADDITIONS': 'ALL_PROXY BBPATH_EXTRA BB_LOGCONFIG BB_NO_NETWORK BB_NUMBER_THREADS BB_SETSCENE_ENFORCE BB_SRCREV_POLICY DISTRO FTPS_PROXY FTP_PROXY GIT_PROXY_COMMAND HTTPS_PROXY HTTP_PROXY MACHINE NO_PROXY PARALLEL_MAKE SCREENDIR SDKMACHINE SOCKS5_PASSWD SOCKS5_USER SSH_AGENT_PID SSH_AUTH_SOCK STAMPS_DIR TCLIBC TCMODE all_proxy ftp_proxy ftps_proxy http_proxy https_proxy no_proxy ', 'PWD': '/kitchen/meta-mysadl', 'HOME': '/home/leo', 'https_proxy': '', 'BBPATH': '/kitchen/meta-mysadl', 'LC_ALL': 'en_US.UTF-8', 'PATH': '/kitchen/scripts:/kitchen/bitbake/bin:/usr/local/sbin:/usr/local/bin:/usr/sbin:/usr/bin:/sbin:/bin', 'OE_ADDED_PATHS': '/kitchen/scripts:/kitchen/bitbake/bin:', 'HOSTNAME': 'af145eaf7eb4', 'LANGUAGE': 'en_US:en', 'TZ': 'Asia/Taipei', 'LANG': 'en_US.UTF-8', 'ACCOUNT': 'leo', 'PYTHONPATH': '/kitchen/bitbake/lib:', 'TERM': 'xterm', 'SHLVL': '1', 'BUILDDIR': '/kitchen/meta-mysadl', 'GUID': '1000', 'UID': '1000', 'OLDPWD': '/kitchen', '_': '/kitchen/bitbake/bin/bitbake'}, ['/kitchen/bitbake/bin/bitbake', 'core-image-minimal']]
50 07:55:46.950537 Sending reply (None, 'bb.BBHandledException()\nTraceback (most recent call last):\n  File "/kitchen/bitbake/lib/bb/command.py", line 90, in runCommand\n    result = command_method(self, commandline)\n  File "/kitchen/bitbake/lib/bb/command.py", line 290, in updateConfig\n    command.cooker.updateConfigOpts(options, environment, cmdline)\n  File "/kitchen/bitbake/lib/bb/cooker.py", line 462, in updateConfigOpts\n    self.reset()\n  File "/kitchen/bitbake/lib/bb/cooker.py", line 1736, in reset\n    self.initConfigurationData()\n  File "/kitchen/bitbake/lib/bb/cooker.py", line 282, in initConfigurationData\n    self.databuilder.parseBaseConfiguration()\n  File "/kitchen/bitbake/lib/bb/cookerdata.py", line 261, in parseBaseConfiguration\n    self.data = self.parseConfigurationFiles(self.prefiles, self.postfiles)\n  File "/kitchen/bitbake/lib/bb/cookerdata.py", line 383, in parseConfigurationFiles\n    raise bb.BBHandledException()\nbb.BBHandledException\n')
50 07:55:46.950633 Command Completed (socket: True)
50 07:55:47.200356 Processing Client
50 07:55:47.200554 Disconnecting Client (socket: True)
50 07:55:47.200807 No timeout, exiting.
50 07:55:47.301202 Exiting (socket: True)
50 07:55:47.303962 Exiting as we could obtain the lock
sys:1: ResourceWarning: unclosed file <_io.TextIOWrapper name='/kitchen/meta-mysadl/bitbake-cookerdaemon.log' mode='a+' encoding='UTF-8'>
56 08:04:36.179000 --- Starting bitbake server pid 56 at 2025-02-02 08:04:36.178962 ---
56 08:04:36.180167 Started bitbake server pid 56
56 08:04:36.180420 Entering server connection loop
56 08:04:36.180460 Lockfile is: /kitchen/meta-mysadl/bitbake.lock
Socket is /kitchen/meta-mysadl/bitbake.sock (True)
56 08:04:36.180936 Accepting [<socket.socket fd=6, family=AddressFamily.AF_UNIX, type=SocketKind.SOCK_STREAM, proto=0, laddr=bitbake.sock>] ([])
56 08:04:36.181889 Processing Client
56 08:04:36.181960 Connecting Client
56 08:04:36.182441 Running command ['setFeatures', [2, 1]]
56 08:04:36.182508 Sending reply (None, None)
56 08:04:36.182604 Command Completed (socket: True)
56 08:04:36.183200 Running command ['updateConfig', {'halt': True, 'force': False, 'invalidate_stamp': None, 'dry_run': False, 'dump_signatures': [], 'extra_assume_provided': [], 'profile': False, 'prefile': [], 'postfile': [], 'server_timeout': None, 'nosetscene': False, 'setsceneonly': False, 'skipsetscene': False, 'runall': [], 'runonly': None, 'writeeventlog': None, 'build_verbose_shell': False, 'build_verbose_stdout': False, 'default_loglevel': 20, 'debug_domains': {}}, {'BB_ENV_PASSTHROUGH_ADDITIONS': 'ALL_PROXY BBPATH_EXTRA BB_LOGCONFIG BB_NO_NETWORK BB_NUMBER_THREADS BB_SETSCENE_ENFORCE BB_SRCREV_POLICY DISTRO FTPS_PROXY FTP_PROXY GIT_PROXY_COMMAND HTTPS_PROXY HTTP_PROXY MACHINE NO_PROXY PARALLEL_MAKE SCREENDIR SDKMACHINE SOCKS5_PASSWD SOCKS5_USER SSH_AGENT_PID SSH_AUTH_SOCK STAMPS_DIR TCLIBC TCMODE all_proxy ftp_proxy ftps_proxy http_proxy https_proxy no_proxy ', 'PWD': '/kitchen/meta-mysadl', 'HOME': '/home/leo', 'https_proxy': '', 'BBPATH': '/kitchen/meta-mysadl', 'LC_ALL': 'en_US.UTF-8', 'PATH': '/kitchen/scripts:/kitchen/bitbake/bin:/usr/local/sbin:/usr/local/bin:/usr/sbin:/usr/bin:/sbin:/bin', 'OE_ADDED_PATHS': '/kitchen/scripts:/kitchen/bitbake/bin:', 'HOSTNAME': 'af145eaf7eb4', 'LANGUAGE': 'en_US:en', 'TZ': 'Asia/Taipei', 'LANG': 'en_US.UTF-8', 'ACCOUNT': 'leo', 'PYTHONPATH': '/kitchen/bitbake/lib:', 'TERM': 'xterm', 'SHLVL': '1', 'BUILDDIR': '/kitchen/meta-mysadl', 'GUID': '1000', 'UID': '1000', 'OLDPWD': '/kitchen', '_': '/kitchen/bitbake/bin/bitbake'}, ['/kitchen/bitbake/bin/bitbake', 'core-image-minimal']]
56 08:04:36.715519 Sending reply (None, 'bb.BBHandledException()\nTraceback (most recent call last):\n  File "/kitchen/bitbake/lib/bb/cookerdata.py", line 162, in wrapped\n    return func(fn, *args)\n  File "/kitchen/bitbake/lib/bb/cookerdata.py", line 179, in parse_config_file\n    return bb.parse.handle(fn, data, include, baseconfig=True)\n  File "/kitchen/bitbake/lib/bb/parse/__init__.py", line 115, in handle\n    return h[\'handle\'](fn, data, include, baseconfig)\n  File "/kitchen/bitbake/lib/bb/parse/parse_py/ConfHandler.py", line 119, in handle\n    abs_fn = resolve_file(fn, data)\n  File "/kitchen/bitbake/lib/bb/parse/__init__.py", line 135, in resolve_file\n    raise IOError(errno.ENOENT, "file %s not found in %s" % (fn, bbpath))\nFileNotFoundError: [Errno 2] file ../meta-arm/conf/layer.conf not found in ../meta-poky:/kitchen/meta-mysadl:../meta:../meta-yocto-bsp\n\nDuring handling of the above exception, another exception occurred:\n\nTraceback (most recent call last):\n  File "/kitchen/bitbake/lib/bb/command.py", line 90, in runCommand\n    result = command_method(self, commandline)\n  File "/kitchen/bitbake/lib/bb/command.py", line 290, in updateConfig\n    command.cooker.updateConfigOpts(options, environment, cmdline)\n  File "/kitchen/bitbake/lib/bb/cooker.py", line 462, in updateConfigOpts\n    self.reset()\n  File "/kitchen/bitbake/lib/bb/cooker.py", line 1736, in reset\n    self.initConfigurationData()\n  File "/kitchen/bitbake/lib/bb/cooker.py", line 282, in initConfigurationData\n    self.databuilder.parseBaseConfiguration()\n  File "/kitchen/bitbake/lib/bb/cookerdata.py", line 261, in parseBaseConfiguration\n    self.data = self.parseConfigurationFiles(self.prefiles, self.postfiles)\n  File "/kitchen/bitbake/lib/bb/cookerdata.py", line 395, in parseConfigurationFiles\n    data = parse_config_file(os.path.join(layer, "conf", "layer.conf"), data)\n  File "/kitchen/bitbake/lib/bb/cookerdata.py", line 174, in wrapped\n    raise bb.BBHandledException()\nbb.BBHandledException\n')
56 08:04:36.715632 Command Completed (socket: True)
56 08:04:36.965961 Processing Client
56 08:04:36.966226 Disconnecting Client (socket: True)
56 08:04:36.966571 No timeout, exiting.
56 08:04:37.067001 Exiting (socket: True)
56 08:04:37.069524 Exiting as we could obtain the lock
sys:1: ResourceWarning: unclosed file <_io.TextIOWrapper name='/kitchen/meta-mysadl/bitbake-cookerdaemon.log' mode='a+' encoding='UTF-8'>
36 15:10:44.183959 --- Starting bitbake server pid 36 at 2025-02-02 15:10:44.183912 ---
36 15:10:44.185117 Started bitbake server pid 36
36 15:10:44.185406 Entering server connection loop
36 15:10:44.185447 Lockfile is: /kitchen/meta-mysadl/bitbake.lock
Socket is /kitchen/meta-mysadl/bitbake.sock (True)
36 15:10:44.185951 Accepting [<socket.socket fd=6, family=AddressFamily.AF_UNIX, type=SocketKind.SOCK_STREAM, proto=0, laddr=bitbake.sock>] ([])
36 15:10:44.187118 Processing Client
36 15:10:44.187189 Connecting Client
36 15:10:44.187685 Running command ['setFeatures', [2, 1]]
36 15:10:44.187750 Sending reply (None, None)
36 15:10:44.187846 Command Completed (socket: True)
36 15:10:44.188505 Running command ['updateConfig', {'halt': True, 'force': False, 'invalidate_stamp': None, 'dry_run': False, 'dump_signatures': [], 'extra_assume_provided': [], 'profile': False, 'prefile': [], 'postfile': [], 'server_timeout': None, 'nosetscene': False, 'setsceneonly': False, 'skipsetscene': False, 'runall': [], 'runonly': None, 'writeeventlog': None, 'build_verbose_shell': False, 'build_verbose_stdout': False, 'default_loglevel': 20, 'debug_domains': {}}, {'BB_ENV_PASSTHROUGH_ADDITIONS': 'ALL_PROXY BBPATH_EXTRA BB_LOGCONFIG BB_NO_NETWORK BB_NUMBER_THREADS BB_SETSCENE_ENFORCE BB_SRCREV_POLICY DISTRO FTPS_PROXY FTP_PROXY GIT_PROXY_COMMAND HTTPS_PROXY HTTP_PROXY MACHINE NO_PROXY PARALLEL_MAKE SCREENDIR SDKMACHINE SOCKS5_PASSWD SOCKS5_USER SSH_AGENT_PID SSH_AUTH_SOCK STAMPS_DIR TCLIBC TCMODE all_proxy ftp_proxy ftps_proxy http_proxy https_proxy no_proxy ', 'PWD': '/kitchen/meta-mysadl', 'HOME': '/home/leo', 'https_proxy': '', 'BBPATH': '/kitchen/meta-mysadl', 'LC_ALL': 'en_US.UTF-8', 'PATH': '/kitchen/scripts:/kitchen/bitbake/bin:/usr/local/sbin:/usr/local/bin:/usr/sbin:/usr/bin:/sbin:/bin', 'OE_ADDED_PATHS': '/kitchen/scripts:/kitchen/bitbake/bin:', 'HOSTNAME': '6e76d80eedbd', 'LANGUAGE': 'en_US:en', 'TZ': 'Asia/Taipei', 'LANG': 'en_US.UTF-8', 'ACCOUNT': 'leo', 'PYTHONPATH': '/kitchen/bitbake/lib:', 'TERM': 'xterm', 'SHLVL': '1', 'BUILDDIR': '/kitchen/meta-mysadl', 'GUID': '1000', 'UID': '1000', 'OLDPWD': '/kitchen', '_': '/kitchen/bitbake/bin/bitbake'}, ['/kitchen/bitbake/bin/bitbake', 'core-image-minimal']]
36 15:10:44.720345 Sending reply (None, 'bb.BBHandledException()\nTraceback (most recent call last):\n  File "/kitchen/bitbake/lib/bb/cookerdata.py", line 162, in wrapped\n    return func(fn, *args)\n  File "/kitchen/bitbake/lib/bb/cookerdata.py", line 179, in parse_config_file\n    return bb.parse.handle(fn, data, include, baseconfig=True)\n  File "/kitchen/bitbake/lib/bb/parse/__init__.py", line 115, in handle\n    return h[\'handle\'](fn, data, include, baseconfig)\n  File "/kitchen/bitbake/lib/bb/parse/parse_py/ConfHandler.py", line 119, in handle\n    abs_fn = resolve_file(fn, data)\n  File "/kitchen/bitbake/lib/bb/parse/__init__.py", line 135, in resolve_file\n    raise IOError(errno.ENOENT, "file %s not found in %s" % (fn, bbpath))\nFileNotFoundError: [Errno 2] file ../meta-arm/conf/layer.conf not found in ../meta-poky:/kitchen/meta-mysadl:../meta:../meta-yocto-bsp\n\nDuring handling of the above exception, another exception occurred:\n\nTraceback (most recent call last):\n  File "/kitchen/bitbake/lib/bb/command.py", line 90, in runCommand\n    result = command_method(self, commandline)\n  File "/kitchen/bitbake/lib/bb/command.py", line 290, in updateConfig\n    command.cooker.updateConfigOpts(options, environment, cmdline)\n  File "/kitchen/bitbake/lib/bb/cooker.py", line 462, in updateConfigOpts\n    self.reset()\n  File "/kitchen/bitbake/lib/bb/cooker.py", line 1736, in reset\n    self.initConfigurationData()\n  File "/kitchen/bitbake/lib/bb/cooker.py", line 282, in initConfigurationData\n    self.databuilder.parseBaseConfiguration()\n  File "/kitchen/bitbake/lib/bb/cookerdata.py", line 261, in parseBaseConfiguration\n    self.data = self.parseConfigurationFiles(self.prefiles, self.postfiles)\n  File "/kitchen/bitbake/lib/bb/cookerdata.py", line 395, in parseConfigurationFiles\n    data = parse_config_file(os.path.join(layer, "conf", "layer.conf"), data)\n  File "/kitchen/bitbake/lib/bb/cookerdata.py", line 174, in wrapped\n    raise bb.BBHandledException()\nbb.BBHandledException\n')
36 15:10:44.720461 Command Completed (socket: True)
36 15:10:44.969837 Processing Client
36 15:10:44.970031 Disconnecting Client (socket: True)
36 15:10:44.970263 No timeout, exiting.
36 15:10:45.070768 Exiting (socket: True)
36 15:10:45.072121 Exiting as we could obtain the lock
sys:1: ResourceWarning: unclosed file <_io.TextIOWrapper name='/kitchen/meta-mysadl/bitbake-cookerdaemon.log' mode='a+' encoding='UTF-8'>
